<?xml version="1.0" encoding="UTF-8"?>
<testng-results ignored="0" total="1" passed="1" failed="0" skipped="0">
  <reporter-output>
  </reporter-output>
  <suite started-at="2024-07-05T13:37:13 IST" name="Suite" finished-at="2024-07-05T13:37:51 IST" duration-ms="37799">
    <groups>
    </groups>
    <test started-at="2024-07-05T13:37:13 IST" name="Test" finished-at="2024-07-05T13:37:51 IST" duration-ms="37799">
      <class name="testCase.TC1">
        <test-method is-config="true" signature="openbrowser()[pri:0, instance:testCase.TC1@2805d709]" started-at="2024-07-05T13:37:13 IST" name="openbrowser" finished-at="2024-07-05T13:37:41 IST" duration-ms="27067" status="PASS">
          <reporter-output>
          </reporter-output>
        </test-method> <!-- openbrowser -->
        <test-method is-config="true" signature="method()[pri:0, instance:testCase.TC1@2805d709]" started-at="2024-07-05T13:37:41 IST" name="method" finished-at="2024-07-05T13:37:42 IST" duration-ms="1384" status="PASS">
          <reporter-output>
          </reporter-output>
        </test-method> <!-- method -->
        <test-method signature="tc1()[pri:0, instance:testCase.TC1@2805d709]" started-at="2024-07-05T13:37:42 IST" name="tc1" finished-at="2024-07-05T13:37:49 IST" duration-ms="6872" status="PASS">
          <reporter-output>
          </reporter-output>
        </test-method> <!-- tc1 -->
        <test-method is-config="true" signature="method1(org.testng.ITestResult)[pri:0, instance:testCase.TC1@2805d709]" started-at="2024-07-05T13:37:49 IST" name="method1" finished-at="2024-07-05T13:37:51 IST" duration-ms="2214" status="PASS">
          <params>
            <param index="0">
              <value>
                <![CDATA[[TestResult name=tc1 status=SUCCESS method=TC1.tc1()[pri:0, instance:testCase.TC1@2805d709] output={null}]]]>
              </value>
            </param>
          </params>
          <reporter-output>
          </reporter-output>
        </test-method> <!-- method1 -->
        <test-method is-config="true" signature="closebrowser()[pri:0, instance:testCase.TC1@2805d709]" started-at="2024-07-05T13:37:51 IST" name="closebrowser" finished-at="2024-07-05T13:37:51 IST" duration-ms="207" status="PASS">
          <reporter-output>
          </reporter-output>
        </test-method> <!-- closebrowser -->
      </class> <!-- testCase.TC1 -->
    </test> <!-- Test -->
  </suite> <!-- Suite -->
</testng-results>
